#
# There is insufficient memory for the Java Runtime Environment to continue.
# Native memory allocation (malloc) failed to allocate 1048576 bytes for AllocateHeap
# Possible reasons:
#   The system is out of physical RAM or swap space
#   The process is running with CompressedOops enabled, and the Java Heap may be blocking the growth of the native heap
# Possible solutions:
#   Reduce memory load on the system
#   Increase physical memory or swap space
#   Check if swap backing store is full
#   Decrease Java heap size (-Xmx/-Xms)
#   Decrease number of Java threads
#   Decrease Java thread stack sizes (-Xss)
#   Set larger code cache with -XX:ReservedCodeCacheSize=
#   JVM is running with Unscaled Compressed Oops mode in which the Java heap is
#     placed in the first 4GB address space. The Java Heap base address is the
#     maximum limit for the native heap growth. Please use -XX:HeapBaseMinAddress
#     to set the Java Heap base and to place the Java Heap above 4GB virtual address.
# This output file may be truncated or incomplete.
#
#  Out of Memory Error (allocation.cpp:44), pid=9424, tid=19420
#
# JRE version: OpenJDK Runtime Environment Temurin-17.0.10+7 (17.0.10+7) (build 17.0.10+7)
# Java VM: OpenJDK 64-Bit Server VM Temurin-17.0.10+7 (17.0.10+7, mixed mode, emulated-client, tiered, compressed oops, compressed class ptrs, g1 gc, windows-amd64)
# No core dump will be written. Minidumps are not enabled by default on client versions of Windows
#

---------------  S U M M A R Y ------------

Command Line: -XX:+HeapDumpOnOutOfMemoryError -Xmx1024m -Dsts.lsp.client=vscode -Dsts.log.file=/dev/null -XX:TieredStopAtLevel=1 -Xlog:jni+resolve=off -Dspring.config.location=file:c:\Users\Ricky Garcia\.vscode\extensions\vmware.vscode-spring-boot-1.52.0\language-server\BOOT-INF\classes\application.properties org.springframework.ide.vscode.boot.app.BootLanguageServerBootApp

Host: Intel(R) Core(TM) i5-10500H CPU @ 2.50GHz, 12 cores, 7G,  Windows 11 , 64 bit Build 22621 (10.0.22621.2506)
Time: Sat Feb 10 21:07:08 2024 SA Pacific Standard Time elapsed time: 800.885789 seconds (0d 0h 13m 20s)

---------------  T H R E A D  ---------------

Current thread (0x000001b8a31b8780):  VMThread "VM Thread" [stack: 0x00000044a8e00000,0x00000044a8f00000] [id=19420]

Stack: [0x00000044a8e00000,0x00000044a8f00000]
Native frames: (J=compiled Java code, j=interpreted, Vv=VM code, C=native code)
V  [jvm.dll+0x67d2c9]
V  [jvm.dll+0x834afa]
V  [jvm.dll+0x8365be]
V  [jvm.dll+0x836c23]
V  [jvm.dll+0x2477ff]
V  [jvm.dll+0xa6c93]
V  [jvm.dll+0x2f8663]
V  [jvm.dll+0x2f42e0]
V  [jvm.dll+0x2dc8c7]
V  [jvm.dll+0x31fb87]
V  [jvm.dll+0x83b11b]
V  [jvm.dll+0x83be61]
V  [jvm.dll+0x83c37d]
V  [jvm.dll+0x83c754]
V  [jvm.dll+0x83c820]
V  [jvm.dll+0x7e3fba]
V  [jvm.dll+0x67c1b5]
C  [ucrtbase.dll+0x29363]
C  [KERNEL32.DLL+0x1257d]
C  [ntdll.dll+0x5aa58]

VM_Operation (0x00000044aa7febd0): G1CollectFull, mode: safepoint, requested by thread 0x000001b8a3df7340


---------------  P R O C E S S  ---------------

Threads class SMR info:
_java_thread_list=0x000001b8b1c7d3c0, length=26, elements={
0x000001b8a31d2390, 0x000001b8a31d3e70, 0x000001b8a31e8fb0, 0x000001b8a31e9880,
0x000001b8a31ea150, 0x000001b8a31eaa20, 0x000001b8a31eb3a0, 0x000001b8a31ed8d0,
0x000001b8a3528c90, 0x000001b8a3532410, 0x000001b8a3d99c70, 0x000001b8a3df7340,
0x000001b8a8c84050, 0x000001b897f39660, 0x000001b8a8bd3840, 0x000001b8a3d627b0,
0x000001b8a8d0c3e0, 0x000001b8a8d0c8f0, 0x000001b8a8d0b4b0, 0x000001b8a8c37740,
0x000001b8a8c36d20, 0x000001b8a8c39fc0, 0x000001b8a8c36300, 0x000001b8a8c37c50,
0x000001b8a8c35df0, 0x000001b8a8c353d0
}

Java Threads: ( => current thread )
  0x000001b8a31d2390 JavaThread "Reference Handler" daemon [_thread_blocked, id=28432, stack(0x00000044a8f00000,0x00000044a9000000)]
  0x000001b8a31d3e70 JavaThread "Finalizer" daemon [_thread_blocked, id=5932, stack(0x00000044a9000000,0x00000044a9100000)]
  0x000001b8a31e8fb0 JavaThread "Signal Dispatcher" daemon [_thread_blocked, id=23688, stack(0x00000044a9100000,0x00000044a9200000)]
  0x000001b8a31e9880 JavaThread "Attach Listener" daemon [_thread_blocked, id=30804, stack(0x00000044a9200000,0x00000044a9300000)]
  0x000001b8a31ea150 JavaThread "Service Thread" daemon [_thread_blocked, id=13472, stack(0x00000044a9300000,0x00000044a9400000)]
  0x000001b8a31eaa20 JavaThread "Monitor Deflation Thread" daemon [_thread_blocked, id=21684, stack(0x00000044a9400000,0x00000044a9500000)]
  0x000001b8a31eb3a0 JavaThread "C1 CompilerThread0" daemon [_thread_blocked, id=27920, stack(0x00000044a9500000,0x00000044a9600000)]
  0x000001b8a31ed8d0 JavaThread "Sweeper thread" daemon [_thread_blocked, id=15204, stack(0x00000044a9600000,0x00000044a9700000)]
  0x000001b8a3528c90 JavaThread "Notification Thread" daemon [_thread_blocked, id=3000, stack(0x00000044a9800000,0x00000044a9900000)]
  0x000001b8a3532410 JavaThread "Common-Cleaner" daemon [_thread_blocked, id=19236, stack(0x00000044a9a00000,0x00000044a9b00000)]
  0x000001b8a3d99c70 JavaThread "boundedElastic-evictor-1" daemon [_thread_blocked, id=19956, stack(0x00000044aa000000,0x00000044aa100000)]
  0x000001b8a3df7340 JavaThread "pool-12-thread-1" [_thread_blocked, id=20652, stack(0x00000044aa700000,0x00000044aa800000)]
  0x000001b8a8c84050 JavaThread "LanguageServerApp-lifecycle" [_thread_blocked, id=14048, stack(0x00000044aa800000,0x00000044aa900000)]
  0x000001b897f39660 JavaThread "DestroyJavaVM" [_thread_blocked, id=2168, stack(0x00000044a8800000,0x00000044a8900000)]
  0x000001b8a8bd3840 JavaThread "pool-13-thread-1" [_thread_in_native, id=25976, stack(0x00000044aa900000,0x00000044aaa00000)]
  0x000001b8a3d627b0 JavaThread "Simple-Language-Server main thread" daemon [_thread_blocked, id=9960, stack(0x00000044aaa00000,0x00000044aab00000)]
  0x000001b8a8d0c3e0 JavaThread "pool-8-thread-1" [_thread_blocked, id=23736, stack(0x00000044ab000000,0x00000044ab100000)]
  0x000001b8a8d0c8f0 JavaThread "parallel-1" daemon [_thread_blocked, id=6040, stack(0x00000044ab100000,0x00000044ab200000)]
  0x000001b8a8d0b4b0 JavaThread "pool-6-thread-1" [_thread_blocked, id=28904, stack(0x00000044ab200000,0x00000044ab300000)]
  0x000001b8a8c37740 JavaThread "parallel-2" daemon [_thread_blocked, id=13728, stack(0x00000044ab300000,0x00000044ab400000)]
  0x000001b8a8c36d20 JavaThread "parallel-3" daemon [_thread_blocked, id=13552, stack(0x00000044ab400000,0x00000044ab500000)]
  0x000001b8a8c39fc0 JavaThread "parallel-4" daemon [_thread_blocked, id=18792, stack(0x00000044ab900000,0x00000044aba00000)]
  0x000001b8a8c36300 JavaThread "parallel-5" daemon [_thread_blocked, id=2648, stack(0x00000044aba00000,0x00000044abb00000)]
  0x000001b8a8c37c50 JavaThread "Reconciler-1" daemon [_thread_blocked, id=15732, stack(0x00000044abb00000,0x00000044abc00000)]
  0x000001b8a8c35df0 JavaThread "parallel-6" daemon [_thread_blocked, id=12028, stack(0x00000044aab00000,0x00000044aac00000)]
  0x000001b8a8c353d0 JavaThread "parallel-7" daemon [_thread_blocked, id=29476, stack(0x00000044aae00000,0x00000044aaf00000)]

Other Threads:
=>0x000001b8a31b8780 VMThread "VM Thread" [stack: 0x00000044a8e00000,0x00000044a8f00000] [id=19420]
  0x000001b8a3529170 WatcherThread [stack: 0x00000044a9900000,0x00000044a9a00000] [id=13688]
  0x000001b897f78c40 GCTaskThread "GC Thread#0" [stack: 0x00000044a8900000,0x00000044a8a00000] [id=17832]
  0x000001b8a3eee530 GCTaskThread "GC Thread#1" [stack: 0x00000044a9b00000,0x00000044a9c00000] [id=5128]
  0x000001b8a3eee7f0 GCTaskThread "GC Thread#2" [stack: 0x00000044a9c00000,0x00000044a9d00000] [id=26876]
  0x000001b8a3482ef0 GCTaskThread "GC Thread#3" [stack: 0x00000044a9d00000,0x00000044a9e00000] [id=21700]
  0x000001b8a8480c90 GCTaskThread "GC Thread#4" [stack: 0x00000044a9e00000,0x00000044a9f00000] [id=10048]
  0x000001b8a844de40 GCTaskThread "GC Thread#5" [stack: 0x00000044a9f00000,0x00000044aa000000] [id=17088]
  0x000001b8a8676380 GCTaskThread "GC Thread#6" [stack: 0x00000044aa100000,0x00000044aa200000] [id=3704]
  0x000001b8a85cc160 GCTaskThread "GC Thread#7" [stack: 0x00000044aa200000,0x00000044aa300000] [id=24044]
  0x000001b8a854b7a0 GCTaskThread "GC Thread#8" [stack: 0x00000044aa300000,0x00000044aa400000] [id=30188]
  0x000001b8a85cb9a0 GCTaskThread "GC Thread#9" [stack: 0x00000044aa400000,0x00000044aa500000] [id=14076]
  0x000001b897f81940 ConcurrentGCThread "G1 Main Marker" [stack: 0x00000044a8a00000,0x00000044a8b00000] [id=4272]
  0x000001b897f828b0 ConcurrentGCThread "G1 Conc#0" [stack: 0x00000044a8b00000,0x00000044a8c00000] [id=12360]
  0x000001b8a85f5350 ConcurrentGCThread "G1 Conc#1" [stack: 0x00000044aa500000,0x00000044aa600000] [id=29440]
  0x000001b8a85845a0 ConcurrentGCThread "G1 Conc#2" [stack: 0x00000044aa600000,0x00000044aa700000] [id=22192]
  0x000001b897fde5d0 ConcurrentGCThread "G1 Refine#0" [stack: 0x00000044a8c00000,0x00000044a8d00000] [id=10316]
  0x000001b8a30260e0 ConcurrentGCThread "G1 Service" [stack: 0x00000044a8d00000,0x00000044a8e00000] [id=16924]

Threads with active compile tasks:

VM state: at safepoint (normal execution)

VM Mutex/Monitor currently owned by a thread:  ([mutex/lock_event])
[0x000001b895da47c0] Threads_lock - owner thread: 0x000001b8a31b8780
[0x000001b895d9f1f0] Heap_lock - owner thread: 0x000001b8a3df7340

Heap address: 0x00000000c0000000, size: 1024 MB, Compressed Oops mode: 32-bit

CDS archive(s) not mapped
Compressed class space mapped at: 0x0000000100000000-0x0000000140000000, reserved size: 1073741824
Narrow klass base: 0x0000000000000000, Narrow klass shift: 3, Narrow klass range: 0x140000000

GC Precious Log:
 CPUs: 12 total, 12 available
 Memory: 7967M
 Large Page Support: Disabled
 NUMA Support: Disabled
 Compressed Oops: Enabled (32-bit)
 Heap Region Size: 1M
 Heap Min Capacity: 8M
 Heap Initial Capacity: 126M
 Heap Max Capacity: 1G
 Pre-touch: Disabled
 Parallel Workers: 10
 Concurrent Workers: 3
 Concurrent Refinement Workers: 10
 Periodic GC: Disabled

Heap:
 garbage-first heap   total 130048K, used 37718K [0x00000000c0000000, 0x0000000100000000)
  region size 1024K, 1 young (1024K), 0 survivors (0K)
 Metaspace       used 58827K, committed 59584K, reserved 1114112K
  class space    used 7303K, committed 7616K, reserved 1048576K

Heap Regions: E=young(eden), S=young(survivor), O=old, HS=humongous(starts), HC=humongous(continues), CS=collection set, F=free, OA=open archive, CA=closed archive, TAMS=top-at-mark-start (previous, next)
|   0|0x00000000c0000000, 0x00000000c0100000, 0x00000000c0100000|100%|HS|  |TAMS 0x00000000c0100000, 0x00000000c0000000| Untracked 
|   1|0x00000000c0100000, 0x00000000c0200000, 0x00000000c0200000|100%|HC|  |TAMS 0x00000000c0200000, 0x00000000c0100000| Untracked 
|   2|0x00000000c0200000, 0x00000000c0300000, 0x00000000c0300000|100%|HC|  |TAMS 0x00000000c0300000, 0x00000000c0200000| Untracked 
|   3|0x00000000c0300000, 0x00000000c0400000, 0x00000000c0400000|100%|HC|  |TAMS 0x00000000c0400000, 0x00000000c0300000| Untracked 
|   4|0x00000000c0400000, 0x00000000c0500000, 0x00000000c0500000|100%|HS|  |TAMS 0x00000000c0500000, 0x00000000c0400000| Untracked 
|   5|0x00000000c0500000, 0x00000000c0600000, 0x00000000c0600000|100%|HC|  |TAMS 0x00000000c0600000, 0x00000000c0500000| Untracked 
|   6|0x00000000c0600000, 0x00000000c0700000, 0x00000000c0700000|100%| O|  |TAMS 0x00000000c0700000, 0x00000000c0600000| Untracked 
|   7|0x00000000c0700000, 0x00000000c0800000, 0x00000000c0800000|100%| O|  |TAMS 0x00000000c0800000, 0x00000000c0700000| Untracked 
|   8|0x00000000c0800000, 0x00000000c0900000, 0x00000000c0900000|100%| O|  |TAMS 0x00000000c0900000, 0x00000000c0800000| Untracked 
|   9|0x00000000c0900000, 0x00000000c0a00000, 0x00000000c0a00000|100%| O|  |TAMS 0x00000000c0a00000, 0x00000000c0900000| Untracked 
|  10|0x00000000c0a00000, 0x00000000c0b00000, 0x00000000c0b00000|100%| O|  |TAMS 0x00000000c0b00000, 0x00000000c0a00000| Untracked 
|  11|0x00000000c0b00000, 0x00000000c0bffff8, 0x00000000c0c00000| 99%| O|  |TAMS 0x00000000c0bffff8, 0x00000000c0b00000| Untracked 
|  12|0x00000000c0c00000, 0x00000000c0cfffc0, 0x00000000c0d00000| 99%| O|  |TAMS 0x00000000c0cfffc0, 0x00000000c0c00000| Untracked 
|  13|0x00000000c0d00000, 0x00000000c0e00000, 0x00000000c0e00000|100%| O|  |TAMS 0x00000000c0e00000, 0x00000000c0d00000| Untracked 
|  14|0x00000000c0e00000, 0x00000000c0efffd0, 0x00000000c0f00000| 99%| O|  |TAMS 0x00000000c0efffd0, 0x00000000c0e00000| Untracked 
|  15|0x00000000c0f00000, 0x00000000c0fffff0, 0x00000000c1000000| 99%| O|  |TAMS 0x00000000c0fffff0, 0x00000000c0f00000| Untracked 
|  16|0x00000000c1000000, 0x00000000c10ffff0, 0x00000000c1100000| 99%| O|  |TAMS 0x00000000c10ffff0, 0x00000000c1000000| Untracked 
|  17|0x00000000c1100000, 0x00000000c11fffe8, 0x00000000c1200000| 99%| O|  |TAMS 0x00000000c11fffe8, 0x00000000c1100000| Untracked 
|  18|0x00000000c1200000, 0x00000000c12fffe0, 0x00000000c1300000| 99%| O|  |TAMS 0x00000000c12fffe0, 0x00000000c1200000| Untracked 
|  19|0x00000000c1300000, 0x00000000c13fffe8, 0x00000000c1400000| 99%| O|  |TAMS 0x00000000c13fffe8, 0x00000000c1300000| Untracked 
|  20|0x00000000c1400000, 0x00000000c1500000, 0x00000000c1500000|100%| O|  |TAMS 0x00000000c1500000, 0x00000000c1400000| Untracked 
|  21|0x00000000c1500000, 0x00000000c15fffa0, 0x00000000c1600000| 99%| O|  |TAMS 0x00000000c15fffa0, 0x00000000c1500000| Untracked 
|  22|0x00000000c1600000, 0x00000000c16ffff0, 0x00000000c1700000| 99%| O|  |TAMS 0x00000000c16ffff0, 0x00000000c1600000| Untracked 
|  23|0x00000000c1700000, 0x00000000c17fffb0, 0x00000000c1800000| 99%| O|  |TAMS 0x00000000c17fffb0, 0x00000000c1700000| Untracked 
|  24|0x00000000c1800000, 0x00000000c18ff228, 0x00000000c1900000| 99%| O|  |TAMS 0x00000000c18ff228, 0x00000000c1800000| Untracked 
|  25|0x00000000c1900000, 0x00000000c19ffc70, 0x00000000c1a00000| 99%| O|  |TAMS 0x00000000c19ffc70, 0x00000000c1900000| Untracked 
|  26|0x00000000c1a00000, 0x00000000c1affff0, 0x00000000c1b00000| 99%| O|  |TAMS 0x00000000c1affff0, 0x00000000c1a00000| Untracked 
|  27|0x00000000c1b00000, 0x00000000c1c00000, 0x00000000c1c00000|100%| O|  |TAMS 0x00000000c1c00000, 0x00000000c1b00000| Untracked 
|  28|0x00000000c1c00000, 0x00000000c1cffff0, 0x00000000c1d00000| 99%| O|  |TAMS 0x00000000c1cffff0, 0x00000000c1c00000| Untracked 
|  29|0x00000000c1d00000, 0x00000000c1e00000, 0x00000000c1e00000|100%|HS|  |TAMS 0x00000000c1e00000, 0x00000000c1d00000| Untracked 
|  30|0x00000000c1e00000, 0x00000000c1f00000, 0x00000000c1f00000|100%| O|  |TAMS 0x00000000c1f00000, 0x00000000c1e00000| Untracked 
|  31|0x00000000c1f00000, 0x00000000c1fad2c8, 0x00000000c2000000| 67%| O|  |TAMS 0x00000000c1f00000, 0x00000000c1f00000| Untracked 
|  32|0x00000000c2000000, 0x00000000c20ff010, 0x00000000c2100000| 99%| O|  |TAMS 0x00000000c20ff010, 0x00000000c2000000| Untracked 
|  33|0x00000000c2100000, 0x00000000c2200000, 0x00000000c2200000|100%| O|  |TAMS 0x00000000c2200000, 0x00000000c2100000| Untracked 
|  34|0x00000000c2200000, 0x00000000c22ffff8, 0x00000000c2300000| 99%| O|  |TAMS 0x00000000c22ffff8, 0x00000000c2200000| Untracked 
|  35|0x00000000c2300000, 0x00000000c23ffff8, 0x00000000c2400000| 99%| O|  |TAMS 0x00000000c23ffff8, 0x00000000c2300000| Untracked 
|  36|0x00000000c2400000, 0x00000000c24ffff0, 0x00000000c2500000| 99%| O|  |TAMS 0x00000000c24ffff0, 0x00000000c2400000| Untracked 
|  37|0x00000000c2500000, 0x00000000c252aa20, 0x00000000c2600000| 16%| O|  |TAMS 0x00000000c2500000, 0x00000000c2500000| Untracked 
|  38|0x00000000c2600000, 0x00000000c2600000, 0x00000000c2700000|  0%| F|  |TAMS 0x00000000c2600000, 0x00000000c2600000| Untracked 
|  39|0x00000000c2700000, 0x00000000c2700000, 0x00000000c2800000|  0%| F|  |TAMS 0x00000000c2700000, 0x00000000c2700000| Untracked 
|  40|0x00000000c2800000, 0x00000000c2800000, 0x00000000c2900000|  0%| F|  |TAMS 0x00000000c2800000, 0x00000000c2800000| Untracked 
|  41|0x00000000c2900000, 0x00000000c2900000, 0x00000000c2a00000|  0%| F|  |TAMS 0x00000000c2900000, 0x00000000c2900000| Untracked 
|  42|0x00000000c2a00000, 0x00000000c2a00000, 0x00000000c2b00000|  0%| F|  |TAMS 0x00000000c2a00000, 0x00000000c2a00000| Untracked 
|  43|0x00000000c2b00000, 0x00000000c2b00000, 0x00000000c2c00000|  0%| F|  |TAMS 0x00000000c2b00000, 0x00000000c2b00000| Untracked 
|  44|0x00000000c2c00000, 0x00000000c2c00000, 0x00000000c2d00000|  0%| F|  |TAMS 0x00000000c2c00000, 0x00000000c2c00000| Untracked 
|  45|0x00000000c2d00000, 0x00000000c2d00000, 0x00000000c2e00000|  0%| F|  |TAMS 0x00000000c2d00000, 0x00000000c2d00000| Untracked 
|  46|0x00000000c2e00000, 0x00000000c2e00000, 0x00000000c2f00000|  0%| F|  |TAMS 0x00000000c2e00000, 0x00000000c2e00000| Untracked 
|  47|0x00000000c2f00000, 0x00000000c2f00000, 0x00000000c3000000|  0%| F|  |TAMS 0x00000000c2f00000, 0x00000000c2f00000| Untracked 
|  48|0x00000000c3000000, 0x00000000c3000000, 0x00000000c3100000|  0%| F|  |TAMS 0x00000000c3000000, 0x00000000c3000000| Untracked 
|  49|0x00000000c3100000, 0x00000000c3100000, 0x00000000c3200000|  0%| F|  |TAMS 0x00000000c3100000, 0x00000000c3100000| Untracked 
|  50|0x00000000c3200000, 0x00000000c3200000, 0x00000000c3300000|  0%| F|  |TAMS 0x00000000c3200000, 0x00000000c3200000| Untracked 
|  51|0x00000000c3300000, 0x00000000c3300000, 0x00000000c3400000|  0%| F|  |TAMS 0x00000000c3300000, 0x00000000c3300000| Untracked 
|  52|0x00000000c3400000, 0x00000000c3400000, 0x00000000c3500000|  0%| F|  |TAMS 0x00000000c3400000, 0x00000000c3400000| Untracked 
|  53|0x00000000c3500000, 0x00000000c3500000, 0x00000000c3600000|  0%| F|  |TAMS 0x00000000c3500000, 0x00000000c3500000| Untracked 
|  54|0x00000000c3600000, 0x00000000c3600000, 0x00000000c3700000|  0%| F|  |TAMS 0x00000000c3600000, 0x00000000c3600000| Untracked 
|  55|0x00000000c3700000, 0x00000000c3700000, 0x00000000c3800000|  0%| F|  |TAMS 0x00000000c3700000, 0x00000000c3700000| Untracked 
|  56|0x00000000c3800000, 0x00000000c3800000, 0x00000000c3900000|  0%| F|  |TAMS 0x00000000c3800000, 0x00000000c3800000| Untracked 
|  57|0x00000000c3900000, 0x00000000c3900000, 0x00000000c3a00000|  0%| F|  |TAMS 0x00000000c3900000, 0x00000000c3900000| Untracked 
|  58|0x00000000c3a00000, 0x00000000c3a00000, 0x00000000c3b00000|  0%| F|  |TAMS 0x00000000c3a00000, 0x00000000c3a00000| Untracked 
|  59|0x00000000c3b00000, 0x00000000c3b00000, 0x00000000c3c00000|  0%| F|  |TAMS 0x00000000c3b00000, 0x00000000c3b00000| Untracked 
|  60|0x00000000c3c00000, 0x00000000c3c00000, 0x00000000c3d00000|  0%| F|  |TAMS 0x00000000c3c00000, 0x00000000c3c00000| Untracked 
|  61|0x00000000c3d00000, 0x00000000c3d00000, 0x00000000c3e00000|  0%| F|  |TAMS 0x00000000c3d00000, 0x00000000c3d00000| Untracked 
|  62|0x00000000c3e00000, 0x00000000c3e00000, 0x00000000c3f00000|  0%| F|  |TAMS 0x00000000c3e00000, 0x00000000c3e00000| Untracked 
|  63|0x00000000c3f00000, 0x00000000c3f00000, 0x00000000c4000000|  0%| F|  |TAMS 0x00000000c3f00000, 0x00000000c3f00000| Untracked 
|  64|0x00000000c4000000, 0x00000000c4000000, 0x00000000c4100000|  0%| F|  |TAMS 0x00000000c4000000, 0x00000000c4000000| Untracked 
|  65|0x00000000c4100000, 0x00000000c4100000, 0x00000000c4200000|  0%| F|  |TAMS 0x00000000c4100000, 0x00000000c4100000| Untracked 
|  66|0x00000000c4200000, 0x00000000c4200000, 0x00000000c4300000|  0%| F|  |TAMS 0x00000000c4200000, 0x00000000c4200000| Untracked 
|  67|0x00000000c4300000, 0x00000000c4300000, 0x00000000c4400000|  0%| F|  |TAMS 0x00000000c4300000, 0x00000000c4300000| Untracked 
|  68|0x00000000c4400000, 0x00000000c4400000, 0x00000000c4500000|  0%| F|  |TAMS 0x00000000c4400000, 0x00000000c4400000| Untracked 
|  69|0x00000000c4500000, 0x00000000c4500000, 0x00000000c4600000|  0%| F|  |TAMS 0x00000000c4500000, 0x00000000c4500000| Untracked 
|  70|0x00000000c4600000, 0x00000000c4600000, 0x00000000c4700000|  0%| F|  |TAMS 0x00000000c4600000, 0x00000000c4600000| Untracked 
|  71|0x00000000c4700000, 0x00000000c4700000, 0x00000000c4800000|  0%| F|  |TAMS 0x00000000c4700000, 0x00000000c4700000| Untracked 
|  72|0x00000000c4800000, 0x00000000c4800000, 0x00000000c4900000|  0%| F|  |TAMS 0x00000000c4800000, 0x00000000c4800000| Untracked 
|  73|0x00000000c4900000, 0x00000000c4900000, 0x00000000c4a00000|  0%| F|  |TAMS 0x00000000c4900000, 0x00000000c4900000| Untracked 
|  74|0x00000000c4a00000, 0x00000000c4a00000, 0x00000000c4b00000|  0%| F|  |TAMS 0x00000000c4a00000, 0x00000000c4a00000| Untracked 
|  75|0x00000000c4b00000, 0x00000000c4b00000, 0x00000000c4c00000|  0%| F|  |TAMS 0x00000000c4b00000, 0x00000000c4b00000| Untracked 
|  76|0x00000000c4c00000, 0x00000000c4c00000, 0x00000000c4d00000|  0%| F|  |TAMS 0x00000000c4c00000, 0x00000000c4c00000| Untracked 
|  77|0x00000000c4d00000, 0x00000000c4d00000, 0x00000000c4e00000|  0%| F|  |TAMS 0x00000000c4d00000, 0x00000000c4d00000| Untracked 
|  78|0x00000000c4e00000, 0x00000000c4e00000, 0x00000000c4f00000|  0%| F|  |TAMS 0x00000000c4e00000, 0x00000000c4e00000| Untracked 
|  79|0x00000000c4f00000, 0x00000000c4f00000, 0x00000000c5000000|  0%| F|  |TAMS 0x00000000c4f00000, 0x00000000c4f00000| Untracked 
|  80|0x00000000c5000000, 0x00000000c5000000, 0x00000000c5100000|  0%| F|  |TAMS 0x00000000c5000000, 0x00000000c5000000| Untracked 
|  81|0x00000000c5100000, 0x00000000c5100000, 0x00000000c5200000|  0%| F|  |TAMS 0x00000000c5100000, 0x00000000c5100000| Untracked 
|  82|0x00000000c5200000, 0x00000000c5200000, 0x00000000c5300000|  0%| F|  |TAMS 0x00000000c5200000, 0x00000000c5200000| Untracked 
|  83|0x00000000c5300000, 0x00000000c5300000, 0x00000000c5400000|  0%| F|  |TAMS 0x00000000c5300000, 0x00000000c5300000| Untracked 
|  84|0x00000000c5400000, 0x00000000c5400000, 0x00000000c5500000|  0%| F|  |TAMS 0x00000000c5400000, 0x00000000c5400000| Untracked 
|  85|0x00000000c5500000, 0x00000000c5500000, 0x00000000c5600000|  0%| F|  |TAMS 0x00000000c5500000, 0x00000000c5500000| Untracked 
|  86|0x00000000c5600000, 0x00000000c5600000, 0x00000000c5700000|  0%| F|  |TAMS 0x00000000c5600000, 0x00000000c5600000| Untracked 
|  87|0x00000000c5700000, 0x00000000c5700000, 0x00000000c5800000|  0%| F|  |TAMS 0x00000000c5700000, 0x00000000c5700000| Untracked 
|  88|0x00000000c5800000, 0x00000000c5800000, 0x00000000c5900000|  0%| F|  |TAMS 0x00000000c5800000, 0x00000000c5800000| Untracked 
|  89|0x00000000c5900000, 0x00000000c5900000, 0x00000000c5a00000|  0%| F|  |TAMS 0x00000000c5900000, 0x00000000c5900000| Untracked 
|  90|0x00000000c5a00000, 0x00000000c5a00000, 0x00000000c5b00000|  0%| F|  |TAMS 0x00000000c5a00000, 0x00000000c5a00000| Untracked 
|  91|0x00000000c5b00000, 0x00000000c5b00000, 0x00000000c5c00000|  0%| F|  |TAMS 0x00000000c5b00000, 0x00000000c5b00000| Untracked 
|  92|0x00000000c5c00000, 0x00000000c5c00000, 0x00000000c5d00000|  0%| F|  |TAMS 0x00000000c5c00000, 0x00000000c5c00000| Untracked 
|  93|0x00000000c5d00000, 0x00000000c5d00000, 0x00000000c5e00000|  0%| F|  |TAMS 0x00000000c5d00000, 0x00000000c5d00000| Untracked 
|  94|0x00000000c5e00000, 0x00000000c5e00000, 0x00000000c5f00000|  0%| F|  |TAMS 0x00000000c5e00000, 0x00000000c5e00000| Untracked 
|  95|0x00000000c5f00000, 0x00000000c5f00000, 0x00000000c6000000|  0%| F|  |TAMS 0x00000000c5f00000, 0x00000000c5f00000| Untracked 
|  96|0x00000000c6000000, 0x00000000c6000000, 0x00000000c6100000|  0%| F|  |TAMS 0x00000000c6000000, 0x00000000c6000000| Untracked 
|  97|0x00000000c6100000, 0x00000000c6100000, 0x00000000c6200000|  0%| F|  |TAMS 0x00000000c6100000, 0x00000000c6100000| Untracked 
|  98|0x00000000c6200000, 0x00000000c6200000, 0x00000000c6300000|  0%| F|  |TAMS 0x00000000c6200000, 0x00000000c6200000| Untracked 
|  99|0x00000000c6300000, 0x00000000c6300000, 0x00000000c6400000|  0%| F|  |TAMS 0x00000000c6300000, 0x00000000c6300000| Untracked 
| 100|0x00000000c6400000, 0x00000000c6400000, 0x00000000c6500000|  0%| F|  |TAMS 0x00000000c6400000, 0x00000000c6400000| Untracked 
| 101|0x00000000c6500000, 0x00000000c6500000, 0x00000000c6600000|  0%| F|  |TAMS 0x00000000c6500000, 0x00000000c6500000| Untracked 
| 102|0x00000000c6600000, 0x00000000c6600000, 0x00000000c6700000|  0%| F|  |TAMS 0x00000000c6600000, 0x00000000c6600000| Untracked 
| 103|0x00000000c6700000, 0x00000000c6700000, 0x00000000c6800000|  0%| F|  |TAMS 0x00000000c6700000, 0x00000000c6700000| Untracked 
| 104|0x00000000c6800000, 0x00000000c6800000, 0x00000000c6900000|  0%| F|  |TAMS 0x00000000c6800000, 0x00000000c6800000| Untracked 
| 105|0x00000000c6900000, 0x00000000c6900000, 0x00000000c6a00000|  0%| F|  |TAMS 0x00000000c6900000, 0x00000000c6900000| Untracked 
| 106|0x00000000c6a00000, 0x00000000c6a00000, 0x00000000c6b00000|  0%| F|  |TAMS 0x00000000c6a00000, 0x00000000c6a00000| Untracked 
| 107|0x00000000c6b00000, 0x00000000c6b00000, 0x00000000c6c00000|  0%| F|  |TAMS 0x00000000c6b00000, 0x00000000c6b00000| Untracked 
| 108|0x00000000c6c00000, 0x00000000c6c00000, 0x00000000c6d00000|  0%| F|  |TAMS 0x00000000c6c00000, 0x00000000c6c00000| Untracked 
| 109|0x00000000c6d00000, 0x00000000c6d00000, 0x00000000c6e00000|  0%| F|  |TAMS 0x00000000c6d00000, 0x00000000c6d00000| Untracked 
| 110|0x00000000c6e00000, 0x00000000c6e00000, 0x00000000c6f00000|  0%| F|  |TAMS 0x00000000c6e00000, 0x00000000c6e00000| Untracked 
| 111|0x00000000c6f00000, 0x00000000c6f00000, 0x00000000c7000000|  0%| F|  |TAMS 0x00000000c6f00000, 0x00000000c6f00000| Untracked 
| 112|0x00000000c7000000, 0x00000000c7000000, 0x00000000c7100000|  0%| F|  |TAMS 0x00000000c7000000, 0x00000000c7000000| Untracked 
| 113|0x00000000c7100000, 0x00000000c7100000, 0x00000000c7200000|  0%| F|  |TAMS 0x00000000c7100000, 0x00000000c7100000| Untracked 
| 114|0x00000000c7200000, 0x00000000c7200000, 0x00000000c7300000|  0%| F|  |TAMS 0x00000000c7200000, 0x00000000c7200000| Untracked 
| 115|0x00000000c7300000, 0x00000000c7300000, 0x00000000c7400000|  0%| F|  |TAMS 0x00000000c7300000, 0x00000000c7300000| Untracked 
| 116|0x00000000c7400000, 0x00000000c7400000, 0x00000000c7500000|  0%| F|  |TAMS 0x00000000c7400000, 0x00000000c7400000| Untracked 
| 117|0x00000000c7500000, 0x00000000c7500000, 0x00000000c7600000|  0%| F|  |TAMS 0x00000000c7500000, 0x00000000c7500000| Untracked 
| 118|0x00000000c7600000, 0x00000000c7600000, 0x00000000c7700000|  0%| F|  |TAMS 0x00000000c7600000, 0x00000000c7600000| Untracked 
| 119|0x00000000c7700000, 0x00000000c7700000, 0x00000000c7800000|  0%| F|  |TAMS 0x00000000c7700000, 0x00000000c7700000| Untracked 
| 120|0x00000000c7800000, 0x00000000c7800000, 0x00000000c7900000|  0%| F|  |TAMS 0x00000000c7800000, 0x00000000c7800000| Untracked 
| 121|0x00000000c7900000, 0x00000000c7900000, 0x00000000c7a00000|  0%| F|  |TAMS 0x00000000c7900000, 0x00000000c7900000| Untracked 
| 122|0x00000000c7a00000, 0x00000000c7a00000, 0x00000000c7b00000|  0%| F|  |TAMS 0x00000000c7a00000, 0x00000000c7a00000| Untracked 
| 123|0x00000000c7b00000, 0x00000000c7b00000, 0x00000000c7c00000|  0%| F|  |TAMS 0x00000000c7b00000, 0x00000000c7b00000| Untracked 
| 124|0x00000000c7c00000, 0x00000000c7c00000, 0x00000000c7d00000|  0%| F|  |TAMS 0x00000000c7c00000, 0x00000000c7c00000| Untracked 
| 125|0x00000000c7d00000, 0x00000000c7d00000, 0x00000000c7e00000|  0%| F|  |TAMS 0x00000000c7d00000, 0x00000000c7d00000| Untracked 
| 126|0x00000000c7e00000, 0x00000000c7e2ebf0, 0x00000000c7f00000| 18%| E|  |TAMS 0x00000000c7e00000, 0x00000000c7e00000| Complete 

Card table byte_map: [0x000001b89e0f0000,0x000001b89e2f0000] _byte_map_base: 0x000001b89daf0000

Marking Bits (Prev, Next): (CMBitMap*) 0x000001b897f79010, (CMBitMap*) 0x000001b897f79050
 Prev Bits: [0x000001b89e4f0000, 0x000001b89f4f0000)
 Next Bits: [0x000001b89f4f0000, 0x000001b8a04f0000)

Polling page: 0x000001b895e70000

Metaspace:

Usage:
  Non-class:     50.32 MB used.
      Class:      7.13 MB used.
       Both:     57.45 MB used.

Virtual space:
  Non-class space:       64.00 MB reserved,      50.75 MB ( 79%) committed,  1 nodes.
      Class space:        1.00 GB reserved,       7.44 MB ( <1%) committed,  1 nodes.
             Both:        1.06 GB reserved,      58.19 MB (  5%) committed. 

Chunk freelists:
   Non-Class:  13.11 MB
       Class:  8.65 MB
        Both:  21.76 MB

MaxMetaspaceSize: unlimited
CompressedClassSpaceSize: 1.00 GB
Initial GC threshold: 21.00 MB
Current GC threshold: 96.88 MB
CDS: off
MetaspaceReclaimPolicy: balanced
 - commit_granule_bytes: 65536.
 - commit_granule_words: 8192.
 - virtual_space_node_default_size: 8388608.
 - enlarge_chunks_in_place: 1.
 - new_chunks_are_fully_committed: 0.
 - uncommit_free_chunks: 1.
 - use_allocation_guard: 0.
 - handle_deallocations: 1.


Internal statistics:

num_allocs_failed_limit: 8.
num_arena_births: 666.
num_arena_deaths: 222.
num_vsnodes_births: 2.
num_vsnodes_deaths: 0.
num_space_committed: 931.
num_space_uncommitted: 0.
num_chunks_returned_to_freelist: 268.
num_chunks_taken_from_freelist: 2528.
num_chunk_merges: 93.
num_chunk_splits: 1764.
num_chunks_enlarged: 1334.
num_inconsistent_stats: 0.

CodeCache: size=49152Kb used=10021Kb max_used=10881Kb free=39130Kb
 bounds [0x000001b89abc0000, 0x000001b89b670000, 0x000001b89dbc0000]
 total_blobs=6285 nmethods=5620 adapters=592
 compilation: enabled
              stopped_count=0, restarted_count=0
 full_count=0

Compilation events (20 events):
Event: 379.032 Thread 0x000001b8a31eb3a0 5611       1       java.util.concurrent.CompletableFuture::unipush (44 bytes)
Event: 379.035 Thread 0x000001b8a31eb3a0 nmethod 5611 0x000001b89b593210 code [0x000001b89b593480, 0x000001b89b593ce8]
Event: 379.035 Thread 0x000001b8a31eb3a0 5612       1       java.util.concurrent.CompletableFuture::postFire (69 bytes)
Event: 379.035 Thread 0x000001b8a31eb3a0 nmethod 5612 0x000001b89b592d10 code [0x000001b89b592ec0, 0x000001b89b5930c8]
Event: 387.464 Thread 0x000001b8a31eb3a0 5613       1       java.util.concurrent.ThreadPoolExecutor::isShutdown (12 bytes)
Event: 387.464 Thread 0x000001b8a31eb3a0 nmethod 5613 0x000001b89b592a10 code [0x000001b89b592ba0, 0x000001b89b592c98]
Event: 407.521 Thread 0x000001b8a31eb3a0 5614       1       java.util.concurrent.ScheduledThreadPoolExecutor::canRunInCurrentRunState (61 bytes)
Event: 407.532 Thread 0x000001b8a31eb3a0 nmethod 5614 0x000001b89b592410 code [0x000001b89b5925e0, 0x000001b89b5928b8]
Event: 507.531 Thread 0x000001b8a31eb3a0 5615       1       java.util.concurrent.TimeUnit::convert (77 bytes)
Event: 507.533 Thread 0x000001b8a31eb3a0 nmethod 5615 0x000001b89b591e10 code [0x000001b89b592000, 0x000001b89b592288]
Event: 529.908 Thread 0x000001b8a31eb3a0 5616       1       java.util.concurrent.locks.LockSupport::parkNanos (29 bytes)
Event: 529.911 Thread 0x000001b8a31eb3a0 nmethod 5616 0x000001b89b591a10 code [0x000001b89b591bc0, 0x000001b89b591da8]
Event: 587.529 Thread 0x000001b8a31eb3a0 5617       1       java.util.concurrent.ThreadPoolExecutor::getQueue (5 bytes)
Event: 587.536 Thread 0x000001b8a31eb3a0 nmethod 5617 0x000001b89b591710 code [0x000001b89b5918a0, 0x000001b89b591978]
Event: 591.628 Thread 0x000001b8a31eb3a0 5618       1       java.util.concurrent.ScheduledThreadPoolExecutor$DelayedWorkQueue::setIndex (16 bytes)
Event: 591.629 Thread 0x000001b8a31eb3a0 nmethod 5618 0x000001b89b591390 code [0x000001b89b591520, 0x000001b89b591638]
Event: 621.852 Thread 0x000001b8a31eb3a0 5619       1       java.util.concurrent.ScheduledThreadPoolExecutor$ScheduledFutureTask::getDelay (16 bytes)
Event: 621.852 Thread 0x000001b8a31eb3a0 nmethod 5619 0x000001b89b591010 code [0x000001b89b5911a0, 0x000001b89b5912c8]
Event: 677.541 Thread 0x000001b8a31eb3a0 5620       1       java.util.concurrent.ThreadPoolExecutor$Worker::unlock (7 bytes)
Event: 677.833 Thread 0x000001b8a31eb3a0 nmethod 5620 0x000001b89b590c90 code [0x000001b89b590e20, 0x000001b89b590f48]

GC Heap History (20 events):
Event: 676.376 GC heap before
{Heap before GC invocations=62 (full 47):
 garbage-first heap   total 130048K, used 37718K [0x00000000c0000000, 0x0000000100000000)
  region size 1024K, 1 young (1024K), 0 survivors (0K)
 Metaspace       used 58827K, committed 59584K, reserved 1114112K
  class space    used 7303K, committed 7616K, reserved 1048576K
}
Event: 676.470 GC heap after
{Heap after GC invocations=63 (full 48):
 garbage-first heap   total 130048K, used 37718K [0x00000000c0000000, 0x0000000100000000)
  region size 1024K, 0 young (0K), 0 survivors (0K)
 Metaspace       used 58827K, committed 59584K, reserved 1114112K
  class space    used 7303K, committed 7616K, reserved 1048576K
}
Event: 687.528 GC heap before
{Heap before GC invocations=63 (full 48):
 garbage-first heap   total 130048K, used 37718K [0x00000000c0000000, 0x0000000100000000)
  region size 1024K, 1 young (1024K), 0 survivors (0K)
 Metaspace       used 58827K, committed 59584K, reserved 1114112K
  class space    used 7303K, committed 7616K, reserved 1048576K
}
Event: 687.580 GC heap after
{Heap after GC invocations=64 (full 49):
 garbage-first heap   total 130048K, used 37718K [0x00000000c0000000, 0x0000000100000000)
  region size 1024K, 0 young (0K), 0 survivors (0K)
 Metaspace       used 58827K, committed 59584K, reserved 1114112K
  class space    used 7303K, committed 7616K, reserved 1048576K
}
Event: 699.295 GC heap before
{Heap before GC invocations=64 (full 49):
 garbage-first heap   total 130048K, used 37718K [0x00000000c0000000, 0x0000000100000000)
  region size 1024K, 1 young (1024K), 0 survivors (0K)
 Metaspace       used 58827K, committed 59584K, reserved 1114112K
  class space    used 7303K, committed 7616K, reserved 1048576K
}
Event: 699.446 GC heap after
{Heap after GC invocations=65 (full 50):
 garbage-first heap   total 130048K, used 37718K [0x00000000c0000000, 0x0000000100000000)
  region size 1024K, 0 young (0K), 0 survivors (0K)
 Metaspace       used 58827K, committed 59584K, reserved 1114112K
  class space    used 7303K, committed 7616K, reserved 1048576K
}
Event: 712.116 GC heap before
{Heap before GC invocations=65 (full 50):
 garbage-first heap   total 130048K, used 37718K [0x00000000c0000000, 0x0000000100000000)
  region size 1024K, 1 young (1024K), 0 survivors (0K)
 Metaspace       used 58827K, committed 59584K, reserved 1114112K
  class space    used 7303K, committed 7616K, reserved 1048576K
}
Event: 712.274 GC heap after
{Heap after GC invocations=66 (full 51):
 garbage-first heap   total 130048K, used 37718K [0x00000000c0000000, 0x0000000100000000)
  region size 1024K, 0 young (0K), 0 survivors (0K)
 Metaspace       used 58827K, committed 59584K, reserved 1114112K
  class space    used 7303K, committed 7616K, reserved 1048576K
}
Event: 725.228 GC heap before
{Heap before GC invocations=66 (full 51):
 garbage-first heap   total 130048K, used 37718K [0x00000000c0000000, 0x0000000100000000)
  region size 1024K, 1 young (1024K), 0 survivors (0K)
 Metaspace       used 58827K, committed 59584K, reserved 1114112K
  class space    used 7303K, committed 7616K, reserved 1048576K
}
Event: 725.400 GC heap after
{Heap after GC invocations=67 (full 52):
 garbage-first heap   total 130048K, used 37718K [0x00000000c0000000, 0x0000000100000000)
  region size 1024K, 0 young (0K), 0 survivors (0K)
 Metaspace       used 58827K, committed 59584K, reserved 1114112K
  class space    used 7303K, committed 7616K, reserved 1048576K
}
Event: 736.912 GC heap before
{Heap before GC invocations=67 (full 52):
 garbage-first heap   total 130048K, used 37718K [0x00000000c0000000, 0x0000000100000000)
  region size 1024K, 1 young (1024K), 0 survivors (0K)
 Metaspace       used 58827K, committed 59584K, reserved 1114112K
  class space    used 7303K, committed 7616K, reserved 1048576K
}
Event: 737.080 GC heap after
{Heap after GC invocations=68 (full 53):
 garbage-first heap   total 130048K, used 37718K [0x00000000c0000000, 0x0000000100000000)
  region size 1024K, 0 young (0K), 0 survivors (0K)
 Metaspace       used 58827K, committed 59584K, reserved 1114112K
  class space    used 7303K, committed 7616K, reserved 1048576K
}
Event: 752.042 GC heap before
{Heap before GC invocations=68 (full 53):
 garbage-first heap   total 130048K, used 37718K [0x00000000c0000000, 0x0000000100000000)
  region size 1024K, 1 young (1024K), 0 survivors (0K)
 Metaspace       used 58827K, committed 59584K, reserved 1114112K
  class space    used 7303K, committed 7616K, reserved 1048576K
}
Event: 752.226 GC heap after
{Heap after GC invocations=69 (full 54):
 garbage-first heap   total 130048K, used 37718K [0x00000000c0000000, 0x0000000100000000)
  region size 1024K, 0 young (0K), 0 survivors (0K)
 Metaspace       used 58827K, committed 59584K, reserved 1114112K
  class space    used 7303K, committed 7616K, reserved 1048576K
}
Event: 763.929 GC heap before
{Heap before GC invocations=69 (full 54):
 garbage-first heap   total 130048K, used 37718K [0x00000000c0000000, 0x0000000100000000)
  region size 1024K, 1 young (1024K), 0 survivors (0K)
 Metaspace       used 58827K, committed 59584K, reserved 1114112K
  class space    used 7303K, committed 7616K, reserved 1048576K
}
Event: 764.071 GC heap after
{Heap after GC invocations=70 (full 55):
 garbage-first heap   total 130048K, used 37718K [0x00000000c0000000, 0x0000000100000000)
  region size 1024K, 0 young (0K), 0 survivors (0K)
 Metaspace       used 58827K, committed 59584K, reserved 1114112K
  class space    used 7303K, committed 7616K, reserved 1048576K
}
Event: 776.611 GC heap before
{Heap before GC invocations=70 (full 55):
 garbage-first heap   total 130048K, used 37718K [0x00000000c0000000, 0x0000000100000000)
  region size 1024K, 1 young (1024K), 0 survivors (0K)
 Metaspace       used 58827K, committed 59584K, reserved 1114112K
  class space    used 7303K, committed 7616K, reserved 1048576K
}
Event: 776.938 GC heap after
{Heap after GC invocations=71 (full 56):
 garbage-first heap   total 130048K, used 37718K [0x00000000c0000000, 0x0000000100000000)
  region size 1024K, 0 young (0K), 0 survivors (0K)
 Metaspace       used 58827K, committed 59584K, reserved 1114112K
  class space    used 7303K, committed 7616K, reserved 1048576K
}
Event: 789.423 GC heap before
{Heap before GC invocations=71 (full 56):
 garbage-first heap   total 130048K, used 37718K [0x00000000c0000000, 0x0000000100000000)
  region size 1024K, 1 young (1024K), 0 survivors (0K)
 Metaspace       used 58827K, committed 59584K, reserved 1114112K
  class space    used 7303K, committed 7616K, reserved 1048576K
}
Event: 789.611 GC heap after
{Heap after GC invocations=72 (full 57):
 garbage-first heap   total 130048K, used 37718K [0x00000000c0000000, 0x0000000100000000)
  region size 1024K, 0 young (0K), 0 survivors (0K)
 Metaspace       used 58827K, committed 59584K, reserved 1114112K
  class space    used 7303K, committed 7616K, reserved 1048576K
}

Dll operation events (10 events):
Event: 0.015 Loaded shared library c:\Users\Ricky Garcia\.vscode\extensions\redhat.java-1.27.0-win32-x64\jre\17.0.10-win32-x86_64\bin\java.dll
Event: 0.531 Loaded shared library C:\Users\Ricky Garcia\.vscode\extensions\redhat.java-1.27.0-win32-x64\jre\17.0.10-win32-x86_64\bin\net.dll
Event: 0.535 Loaded shared library C:\Users\Ricky Garcia\.vscode\extensions\redhat.java-1.27.0-win32-x64\jre\17.0.10-win32-x86_64\bin\nio.dll
Event: 1.300 Loaded shared library C:\Users\Ricky Garcia\.vscode\extensions\redhat.java-1.27.0-win32-x64\jre\17.0.10-win32-x86_64\bin\zip.dll
Event: 11.451 Loaded shared library C:\Users\Ricky Garcia\.vscode\extensions\redhat.java-1.27.0-win32-x64\jre\17.0.10-win32-x86_64\bin\jimage.dll
Event: 13.599 Loaded shared library c:\Users\Ricky Garcia\.vscode\extensions\redhat.java-1.27.0-win32-x64\jre\17.0.10-win32-x86_64\bin\verify.dll
Event: 17.650 Loaded shared library C:\Users\Ricky Garcia\.vscode\extensions\redhat.java-1.27.0-win32-x64\jre\17.0.10-win32-x86_64\bin\management.dll
Event: 17.655 Loaded shared library C:\Users\Ricky Garcia\.vscode\extensions\redhat.java-1.27.0-win32-x64\jre\17.0.10-win32-x86_64\bin\management_ext.dll
Event: 18.826 Loaded shared library C:\Users\Ricky Garcia\.vscode\extensions\redhat.java-1.27.0-win32-x64\jre\17.0.10-win32-x86_64\bin\sunmscapi.dll
Event: 19.041 Loaded shared library C:\Users\Ricky Garcia\.vscode\extensions\redhat.java-1.27.0-win32-x64\jre\17.0.10-win32-x86_64\bin\extnet.dll

Deoptimization events (10 events):
Event: 17.940 Thread 0x000001b8a8bd3840 DEOPT PACKING pc=0x000001b89b067001 sp=0x00000044aa9fdab0
Event: 17.940 Thread 0x000001b8a8bd3840 DEOPT UNPACKING pc=0x000001b89ac17143 sp=0x00000044aa9fcf40 mode 3
Event: 17.986 Thread 0x000001b8a3d627b0 DEOPT PACKING pc=0x000001b89b047097 sp=0x00000044aaaff300
Event: 17.986 Thread 0x000001b8a3d627b0 DEOPT UNPACKING pc=0x000001b89ac17143 sp=0x00000044aaafe758 mode 3
Event: 18.902 Thread 0x000001b8a8c358e0 DEOPT PACKING pc=0x000001b89ad3ab0c sp=0x00000044abcfaa50
Event: 18.902 Thread 0x000001b8a8c358e0 DEOPT UNPACKING pc=0x000001b89ac17143 sp=0x00000044abcf9f18 mode 0
Event: 18.938 Thread 0x000001b8a8c39ab0 DEOPT PACKING pc=0x000001b89b43ffcc sp=0x00000044ab8fcbd0
Event: 18.938 Thread 0x000001b8a8c39ab0 DEOPT UNPACKING pc=0x000001b89ac17143 sp=0x00000044ab8fc278 mode 0
Event: 110.961 Thread 0x000001b8a8bd3840 DEOPT PACKING pc=0x000001b89b131f54 sp=0x00000044aa9fedb0
Event: 110.961 Thread 0x000001b8a8bd3840 DEOPT UNPACKING pc=0x000001b89ac17143 sp=0x00000044aa9fe258 mode 0

Classes unloaded (20 events):
Event: 213.917 Thread 0x000001b8a31b8780 Unloading class 0x0000000100732000 'java/lang/invoke/LambdaForm$MH+0x0000000100732000'
Event: 213.917 Thread 0x000001b8a31b8780 Unloading class 0x0000000100731c00 'java/lang/invoke/LambdaForm$MH+0x0000000100731c00'
Event: 213.917 Thread 0x000001b8a31b8780 Unloading class 0x0000000100731800 'java/lang/invoke/LambdaForm$MH+0x0000000100731800'
Event: 213.917 Thread 0x000001b8a31b8780 Unloading class 0x00000001003b0c00 'java/lang/invoke/LambdaForm$MH+0x00000001003b0c00'
Event: 213.917 Thread 0x000001b8a31b8780 Unloading class 0x00000001003a6c00 'java/lang/invoke/LambdaForm$MH+0x00000001003a6c00'
Event: 213.917 Thread 0x000001b8a31b8780 Unloading class 0x00000001003a6400 'java/lang/invoke/LambdaForm$MH+0x00000001003a6400'
Event: 213.917 Thread 0x000001b8a31b8780 Unloading class 0x00000001003a6000 'java/lang/invoke/LambdaForm$MH+0x00000001003a6000'
Event: 213.917 Thread 0x000001b8a31b8780 Unloading class 0x00000001003a5c00 'java/lang/invoke/LambdaForm$MH+0x00000001003a5c00'
Event: 213.917 Thread 0x000001b8a31b8780 Unloading class 0x00000001003a5400 'java/lang/invoke/LambdaForm$MH+0x00000001003a5400'
Event: 213.917 Thread 0x000001b8a31b8780 Unloading class 0x00000001003a5000 'java/lang/invoke/LambdaForm$MH+0x00000001003a5000'
Event: 213.917 Thread 0x000001b8a31b8780 Unloading class 0x000000010008e800 'java/lang/invoke/LambdaForm$MH+0x000000010008e800'
Event: 213.917 Thread 0x000001b8a31b8780 Unloading class 0x000000010008e400 'java/lang/invoke/LambdaForm$MH+0x000000010008e400'
Event: 213.917 Thread 0x000001b8a31b8780 Unloading class 0x000000010008e000 'java/lang/invoke/LambdaForm$MH+0x000000010008e000'
Event: 213.917 Thread 0x000001b8a31b8780 Unloading class 0x000000010008dc00 'java/lang/invoke/LambdaForm$MH+0x000000010008dc00'
Event: 213.917 Thread 0x000001b8a31b8780 Unloading class 0x000000010008d800 'java/lang/invoke/LambdaForm$MH+0x000000010008d800'
Event: 213.917 Thread 0x000001b8a31b8780 Unloading class 0x000000010008d400 'java/lang/invoke/LambdaForm$MH+0x000000010008d400'
Event: 213.917 Thread 0x000001b8a31b8780 Unloading class 0x000000010008cc00 'java/lang/invoke/LambdaForm$MH+0x000000010008cc00'
Event: 213.917 Thread 0x000001b8a31b8780 Unloading class 0x000000010008c800 'java/lang/invoke/LambdaForm$MH+0x000000010008c800'
Event: 213.917 Thread 0x000001b8a31b8780 Unloading class 0x000000010008c000 'java/lang/invoke/LambdaForm$MH+0x000000010008c000'
Event: 213.917 Thread 0x000001b8a31b8780 Unloading class 0x000000010008bc00 'java/lang/invoke/LambdaForm$MH+0x000000010008bc00'

Classes redefined (0 events):
No events

Internal exceptions (20 events):
Event: 124.271 Thread 0x000001b8a8c37c50 Exception <a 'sun/nio/fs/WindowsException'{0x00000000c81ba858}> (0x00000000c81ba858) 
thrown [s\src\hotspot\share\prims\jni.cpp, line 516]
Event: 124.271 Thread 0x000001b8a8c37c50 Exception <a 'sun/nio/fs/WindowsException'{0x00000000c81bb848}> (0x00000000c81bb848) 
thrown [s\src\hotspot\share\prims\jni.cpp, line 516]
Event: 124.271 Thread 0x000001b8a8c37c50 Exception <a 'sun/nio/fs/WindowsException'{0x00000000c81bbcc8}> (0x00000000c81bbcc8) 
thrown [s\src\hotspot\share\prims\jni.cpp, line 516]
Event: 124.595 Thread 0x000001b8a8c37c50 Exception <a 'sun/nio/fs/WindowsException'{0x00000000c7598a20}> (0x00000000c7598a20) 
thrown [s\src\hotspot\share\prims\jni.cpp, line 516]
Event: 124.595 Thread 0x000001b8a8c37c50 Exception <a 'sun/nio/fs/WindowsException'{0x00000000c7599258}> (0x00000000c7599258) 
thrown [s\src\hotspot\share\prims\jni.cpp, line 516]
Event: 124.595 Thread 0x000001b8a8c37c50 Exception <a 'sun/nio/fs/WindowsException'{0x00000000c7599678}> (0x00000000c7599678) 
thrown [s\src\hotspot\share\prims\jni.cpp, line 516]
Event: 124.595 Thread 0x000001b8a8c37c50 Exception <a 'sun/nio/fs/WindowsException'{0x00000000c759a648}> (0x00000000c759a648) 
thrown [s\src\hotspot\share\prims\jni.cpp, line 516]
Event: 124.595 Thread 0x000001b8a8c37c50 Exception <a 'sun/nio/fs/WindowsException'{0x00000000c759aab0}> (0x00000000c759aab0) 
thrown [s\src\hotspot\share\prims\jni.cpp, line 516]
Event: 124.596 Thread 0x000001b8a8c37c50 Exception <a 'sun/nio/fs/WindowsException'{0x00000000c759b860}> (0x00000000c759b860) 
thrown [s\src\hotspot\share\prims\jni.cpp, line 516]
Event: 124.596 Thread 0x000001b8a8c37c50 Exception <a 'sun/nio/fs/WindowsException'{0x00000000c759c0c0}> (0x00000000c759c0c0) 
thrown [s\src\hotspot\share\prims\jni.cpp, line 516]
Event: 124.596 Thread 0x000001b8a8c37c50 Exception <a 'sun/nio/fs/WindowsException'{0x00000000c759c500}> (0x00000000c759c500) 
thrown [s\src\hotspot\share\prims\jni.cpp, line 516]
Event: 124.596 Thread 0x000001b8a8c37c50 Exception <a 'sun/nio/fs/WindowsException'{0x00000000c759d5a8}> (0x00000000c759d5a8) 
thrown [s\src\hotspot\share\prims\jni.cpp, line 516]
Event: 124.596 Thread 0x000001b8a8c37c50 Exception <a 'sun/nio/fs/WindowsException'{0x00000000c759da28}> (0x00000000c759da28) 
thrown [s\src\hotspot\share\prims\jni.cpp, line 516]
Event: 130.066 Thread 0x000001b8a8c38670 Exception <a 'java/lang/NoSuchMethodError'{0x00000000c8213850}: 'java.lang.Object java.lang.invoke.DirectMethodHandle$Holder.invokeStatic(java.lang.Object, java.lang.Object, java.lang.Object, java.lang.Object, int)'> (0x00000000c8213850) 
thrown [s\src\hotspot\share\interpreter\linkResolver.cpp, line 759]
Event: 130.190 Thread 0x000001b8a8c38670 Exception <a 'java/lang/NoSuchMethodError'{0x00000000c6d1c228}: 'java.lang.Object java.lang.invoke.DirectMethodHandle$Holder.newInvokeSpecial(java.lang.Object, java.lang.Object, java.lang.Object, int)'> (0x00000000c6d1c228) 
thrown [s\src\hotspot\share\interpreter\linkResolver.cpp, line 759]
Event: 130.191 Thread 0x000001b8a8c38670 Exception <a 'java/lang/NoSuchMethodError'{0x00000000c6d20480}: 'java.lang.Object java.lang.invoke.DirectMethodHandle$Holder.invokeSpecial(java.lang.Object, java.lang.Object, java.lang.Object, java.lang.Object, int)'> (0x00000000c6d20480) 
thrown [s\src\hotspot\share\interpreter\linkResolver.cpp, line 759]
Event: 130.191 Thread 0x000001b8a8c38670 Exception <a 'java/lang/NoSuchMethodError'{0x00000000c6d23b88}: 'java.lang.Object java.lang.invoke.Invokers$Holder.linkToTargetMethod(java.lang.Object, java.lang.Object, int, java.lang.Object)'> (0x00000000c6d23b88) 
thrown [s\src\hotspot\share\interpreter\linkResolver.cpp, line 759]
Event: 319.938 Thread 0x000001b8a8c3a9e0 Exception <a 'java/io/IOException'{0x00000000c94c73a0}> (0x00000000c94c73a0) 
thrown [s\src\hotspot\share\prims\jni.cpp, line 516]
Event: 320.077 Thread 0x000001b8a8c3aef0 Exception <a 'java/io/IOException'{0x00000000c94dea30}> (0x00000000c94dea30) 
thrown [s\src\hotspot\share\prims\jni.cpp, line 516]
Event: 320.546 Thread 0x000001b8a8c349b0 Exception <a 'java/io/IOException'{0x00000000c94f5418}> (0x00000000c94f5418) 
thrown [s\src\hotspot\share\prims\jni.cpp, line 516]

VM Operations (20 events):
Event: 676.470 Executing VM operation: G1CollectFull done
Event: 687.527 Executing VM operation: G1CollectFull
Event: 687.581 Executing VM operation: G1CollectFull done
Event: 699.293 Executing VM operation: G1CollectFull
Event: 699.447 Executing VM operation: G1CollectFull done
Event: 712.116 Executing VM operation: G1CollectFull
Event: 712.275 Executing VM operation: G1CollectFull done
Event: 725.223 Executing VM operation: G1CollectFull
Event: 725.401 Executing VM operation: G1CollectFull done
Event: 736.906 Executing VM operation: G1CollectFull
Event: 737.081 Executing VM operation: G1CollectFull done
Event: 752.034 Executing VM operation: G1CollectFull
Event: 752.228 Executing VM operation: G1CollectFull done
Event: 763.928 Executing VM operation: G1CollectFull
Event: 764.073 Executing VM operation: G1CollectFull done
Event: 776.610 Executing VM operation: G1CollectFull
Event: 776.939 Executing VM operation: G1CollectFull done
Event: 789.415 Executing VM operation: G1CollectFull
Event: 789.614 Executing VM operation: G1CollectFull done
Event: 800.822 Executing VM operation: G1CollectFull

Events (20 events):
Event: 319.925 loading class sun/nio/ch/ExtendedSocketOption$1 done
Event: 319.929 loading class sun/security/ssl/Alert
Event: 319.931 loading class sun/security/ssl/Alert done
Event: 319.933 loading class sun/security/ssl/Alert$AlertConsumer
Event: 319.933 loading class sun/security/ssl/Alert$AlertConsumer done
Event: 319.933 loading class sun/security/ssl/Alert$Level
Event: 319.933 loading class sun/security/ssl/Alert$Level done
Event: 319.938 loading class sun/net/ConnectionResetException
Event: 319.938 loading class sun/net/ConnectionResetException done
Event: 373.142 Thread 0x000001b8a8c36810 Thread added: 0x000001b8a8c36810
Event: 375.425 Thread 0x000001b8a8c37230 Thread added: 0x000001b8a8c37230
Event: 379.946 Thread 0x000001b8a8c3b400 Thread exited: 0x000001b8a8c3b400
Event: 380.088 Thread 0x000001b8a8c3aef0 Thread exited: 0x000001b8a8c3aef0
Event: 380.088 Thread 0x000001b8a8c34ec0 Thread exited: 0x000001b8a8c34ec0
Event: 380.551 Thread 0x000001b8a8c3a9e0 Thread exited: 0x000001b8a8c3a9e0
Event: 380.551 Thread 0x000001b8a8c349b0 Thread exited: 0x000001b8a8c349b0
Event: 443.393 Thread 0x000001b8a8c37230 Thread exited: 0x000001b8a8c37230
Event: 443.393 Thread 0x000001b8a8c36810 Thread exited: 0x000001b8a8c36810
Event: 608.016 Thread 0x000001b8a8c36810 Thread added: 0x000001b8a8c36810
Event: 668.247 Thread 0x000001b8a8c36810 Thread exited: 0x000001b8a8c36810


Dynamic libraries:
0x00007ff6406b0000 - 0x00007ff6406be000 	c:\Users\Ricky Garcia\.vscode\extensions\redhat.java-1.27.0-win32-x64\jre\17.0.10-win32-x86_64\bin\java.exe
0x00007fff09ad0000 - 0x00007fff09ce7000 	C:\WINDOWS\SYSTEM32\ntdll.dll
0x00007fff08ab0000 - 0x00007fff08b74000 	C:\WINDOWS\System32\KERNEL32.DLL
0x00007fff073c0000 - 0x00007fff07766000 	C:\WINDOWS\System32\KERNELBASE.dll
0x00007fff07270000 - 0x00007fff07381000 	C:\WINDOWS\System32\ucrtbase.dll
0x00007ffeed6e0000 - 0x00007ffeed6f7000 	c:\Users\Ricky Garcia\.vscode\extensions\redhat.java-1.27.0-win32-x64\jre\17.0.10-win32-x86_64\bin\jli.dll
0x00007ffedcfc0000 - 0x00007ffedcfdb000 	c:\Users\Ricky Garcia\.vscode\extensions\redhat.java-1.27.0-win32-x64\jre\17.0.10-win32-x86_64\bin\VCRUNTIME140.dll
0x00007fff08700000 - 0x00007fff088ae000 	C:\WINDOWS\System32\USER32.dll
0x00007fff07390000 - 0x00007fff073b6000 	C:\WINDOWS\System32\win32u.dll
0x00007ffee2110000 - 0x00007ffee23a3000 	C:\WINDOWS\WinSxS\amd64_microsoft.windows.common-controls_6595b64144ccf1df_6.0.22621.2506_none_270c5ae97388e100\COMCTL32.dll
0x00007fff08470000 - 0x00007fff08499000 	C:\WINDOWS\System32\GDI32.dll
0x00007fff07980000 - 0x00007fff07a27000 	C:\WINDOWS\System32\msvcrt.dll
0x00007fff06eb0000 - 0x00007fff06fc8000 	C:\WINDOWS\System32\gdi32full.dll
0x00007fff06e10000 - 0x00007fff06eaa000 	C:\WINDOWS\System32\msvcp_win.dll
0x00007fff08b80000 - 0x00007fff08bb1000 	C:\WINDOWS\System32\IMM32.DLL
0x00007ffefb2a0000 - 0x00007ffefb2ac000 	c:\Users\Ricky Garcia\.vscode\extensions\redhat.java-1.27.0-win32-x64\jre\17.0.10-win32-x86_64\bin\vcruntime140_1.dll
0x00007ffe82200000 - 0x00007ffe8228d000 	c:\Users\Ricky Garcia\.vscode\extensions\redhat.java-1.27.0-win32-x64\jre\17.0.10-win32-x86_64\bin\msvcp140.dll
0x00007ffe62dd0000 - 0x00007ffe63a32000 	c:\Users\Ricky Garcia\.vscode\extensions\redhat.java-1.27.0-win32-x64\jre\17.0.10-win32-x86_64\bin\server\jvm.dll
0x00007fff08640000 - 0x00007fff086f3000 	C:\WINDOWS\System32\ADVAPI32.dll
0x00007fff095a0000 - 0x00007fff09648000 	C:\WINDOWS\System32\sechost.dll
0x00007fff07770000 - 0x00007fff07798000 	C:\WINDOWS\System32\bcrypt.dll
0x00007fff09350000 - 0x00007fff09467000 	C:\WINDOWS\System32\RPCRT4.dll
0x00007fff05c60000 - 0x00007fff05cad000 	C:\WINDOWS\SYSTEM32\POWRPROF.dll
0x00007ffee8550000 - 0x00007ffee8559000 	C:\WINDOWS\SYSTEM32\WSOCK32.dll
0x00007fff078b0000 - 0x00007fff07921000 	C:\WINDOWS\System32\WS2_32.dll
0x00007ffefc060000 - 0x00007ffefc094000 	C:\WINDOWS\SYSTEM32\WINMM.dll
0x00007ffefc360000 - 0x00007ffefc36a000 	C:\WINDOWS\SYSTEM32\VERSION.dll
0x00007fff05c40000 - 0x00007fff05c53000 	C:\WINDOWS\SYSTEM32\UMPDC.dll
0x00007fff05f00000 - 0x00007fff05f18000 	C:\WINDOWS\SYSTEM32\kernel.appcore.dll
0x00007ffef63f0000 - 0x00007ffef63fa000 	c:\Users\Ricky Garcia\.vscode\extensions\redhat.java-1.27.0-win32-x64\jre\17.0.10-win32-x86_64\bin\jimage.dll
0x00007fff041b0000 - 0x00007fff043e3000 	C:\WINDOWS\SYSTEM32\DBGHELP.DLL
0x00007fff096e0000 - 0x00007fff09a69000 	C:\WINDOWS\System32\combase.dll
0x00007fff089d0000 - 0x00007fff08aa7000 	C:\WINDOWS\System32\OLEAUT32.dll
0x00007ffef7c30000 - 0x00007ffef7c62000 	C:\WINDOWS\SYSTEM32\dbgcore.DLL
0x00007fff077a0000 - 0x00007fff0781a000 	C:\WINDOWS\System32\bcryptPrimitives.dll
0x00007ffeaffa0000 - 0x00007ffeaffc5000 	c:\Users\Ricky Garcia\.vscode\extensions\redhat.java-1.27.0-win32-x64\jre\17.0.10-win32-x86_64\bin\java.dll
0x00007ffecfe00000 - 0x00007ffecfe18000 	c:\Users\Ricky Garcia\.vscode\extensions\redhat.java-1.27.0-win32-x64\jre\17.0.10-win32-x86_64\bin\zip.dll
0x00007fff07bf0000 - 0x00007fff0844a000 	C:\WINDOWS\System32\SHELL32.dll
0x00007fff04d20000 - 0x00007fff05616000 	C:\WINDOWS\SYSTEM32\windows.storage.dll
0x00007fff04be0000 - 0x00007fff04d1e000 	C:\WINDOWS\SYSTEM32\wintypes.dll
0x00007fff08c20000 - 0x00007fff08d13000 	C:\WINDOWS\System32\SHCORE.dll
0x00007fff092f0000 - 0x00007fff0934e000 	C:\WINDOWS\System32\shlwapi.dll
0x00007fff06d40000 - 0x00007fff06d66000 	C:\WINDOWS\SYSTEM32\profapi.dll
0x00007ffecf7c0000 - 0x00007ffecf7d9000 	C:\Users\Ricky Garcia\.vscode\extensions\redhat.java-1.27.0-win32-x64\jre\17.0.10-win32-x86_64\bin\net.dll
0x00007ffefdd00000 - 0x00007ffefde37000 	C:\WINDOWS\SYSTEM32\WINHTTP.dll
0x00007fff063b0000 - 0x00007fff06419000 	C:\WINDOWS\system32\mswsock.dll
0x00007ffecf330000 - 0x00007ffecf346000 	C:\Users\Ricky Garcia\.vscode\extensions\redhat.java-1.27.0-win32-x64\jre\17.0.10-win32-x86_64\bin\nio.dll
0x00007ffef0010000 - 0x00007ffef0020000 	c:\Users\Ricky Garcia\.vscode\extensions\redhat.java-1.27.0-win32-x64\jre\17.0.10-win32-x86_64\bin\verify.dll
0x00007fff06600000 - 0x00007fff0661b000 	C:\WINDOWS\SYSTEM32\CRYPTSP.dll
0x00007fff05e60000 - 0x00007fff05e95000 	C:\WINDOWS\system32\rsaenh.dll
0x00007fff064a0000 - 0x00007fff064cc000 	C:\WINDOWS\SYSTEM32\USERENV.dll
0x00007fff06620000 - 0x00007fff0662c000 	C:\WINDOWS\SYSTEM32\CRYPTBASE.dll
0x00007fff058f0000 - 0x00007fff0591d000 	C:\WINDOWS\SYSTEM32\IPHLPAPI.DLL
0x00007fff08460000 - 0x00007fff08469000 	C:\WINDOWS\System32\NSI.dll
0x00007ffefdba0000 - 0x00007ffefdbb9000 	C:\WINDOWS\SYSTEM32\dhcpcsvc6.DLL
0x00007ffefdb80000 - 0x00007ffefdb9f000 	C:\WINDOWS\SYSTEM32\dhcpcsvc.DLL
0x00007fff05920000 - 0x00007fff05a19000 	C:\WINDOWS\SYSTEM32\DNSAPI.dll
0x00007ffedc790000 - 0x00007ffedc799000 	C:\Users\Ricky Garcia\.vscode\extensions\redhat.java-1.27.0-win32-x64\jre\17.0.10-win32-x86_64\bin\management.dll
0x00007ffedba90000 - 0x00007ffedba9b000 	C:\Users\Ricky Garcia\.vscode\extensions\redhat.java-1.27.0-win32-x64\jre\17.0.10-win32-x86_64\bin\management_ext.dll
0x00007fff078a0000 - 0x00007fff078a8000 	C:\WINDOWS\System32\PSAPI.DLL
0x00007ffedca60000 - 0x00007ffedca6e000 	C:\Users\Ricky Garcia\.vscode\extensions\redhat.java-1.27.0-win32-x64\jre\17.0.10-win32-x86_64\bin\sunmscapi.dll
0x00007fff07040000 - 0x00007fff071a6000 	C:\WINDOWS\System32\CRYPT32.dll
0x00007fff067a0000 - 0x00007fff067ce000 	C:\WINDOWS\SYSTEM32\ncrypt.dll
0x00007fff06760000 - 0x00007fff06797000 	C:\WINDOWS\SYSTEM32\NTASN1.dll
0x00007ffefc980000 - 0x00007ffefc98a000 	C:\Windows\System32\rasadhlp.dll
0x00007ffefcbd0000 - 0x00007ffefcc53000 	C:\WINDOWS\System32\fwpuclnt.dll
0x00007ffedc8f0000 - 0x00007ffedc8f9000 	C:\Users\Ricky Garcia\.vscode\extensions\redhat.java-1.27.0-win32-x64\jre\17.0.10-win32-x86_64\bin\extnet.dll

dbghelp: loaded successfully - version: 4.0.5 - missing functions: none
symbol engine: initialized successfully - sym options: 0x614 - pdb path: .;c:\Users\Ricky Garcia\.vscode\extensions\redhat.java-1.27.0-win32-x64\jre\17.0.10-win32-x86_64\bin;C:\WINDOWS\SYSTEM32;C:\WINDOWS\WinSxS\amd64_microsoft.windows.common-controls_6595b64144ccf1df_6.0.22621.2506_none_270c5ae97388e100;c:\Users\Ricky Garcia\.vscode\extensions\redhat.java-1.27.0-win32-x64\jre\17.0.10-win32-x86_64\bin\server

VM Arguments:
jvm_args: -XX:+HeapDumpOnOutOfMemoryError -Xmx1024m -Dsts.lsp.client=vscode -Dsts.log.file=/dev/null -XX:TieredStopAtLevel=1 -Xlog:jni+resolve=off -Dspring.config.location=file:c:\Users\Ricky Garcia\.vscode\extensions\vmware.vscode-spring-boot-1.52.0\language-server\BOOT-INF\classes\application.properties 
java_command: org.springframework.ide.vscode.boot.app.BootLanguageServerBootApp
java_class_path (initial): c:\Users\Ricky Garcia\.vscode\extensions\vmware.vscode-spring-boot-1.52.0\language-server\BOOT-INF\classes;c:\Users\Ricky Garcia\.vscode\extensions\vmware.vscode-spring-boot-1.52.0\language-server\BOOT-INF\lib\annotations-24.1.0.jar;c:\Users\Ricky Garcia\.vscode\extensions\vmware.vscode-spring-boot-1.52.0\language-server\BOOT-INF\lib\antlr4-runtime-4.11.1.jar;c:\Users\Ricky Garcia\.vscode\extensions\vmware.vscode-spring-boot-1.52.0\language-server\BOOT-INF\lib\asm-9.6.jar;c:\Users\Ricky Garcia\.vscode\extensions\vmware.vscode-spring-boot-1.52.0\language-server\BOOT-INF\lib\asm-analysis-9.6.jar;c:\Users\Ricky Garcia\.vscode\extensions\vmware.vscode-spring-boot-1.52.0\language-server\BOOT-INF\lib\asm-tree-9.6.jar;c:\Users\Ricky Garcia\.vscode\extensions\vmware.vscode-spring-boot-1.52.0\language-server\BOOT-INF\lib\asm-util-9.6.jar;c:\Users\Ricky Garcia\.vscode\extensions\vmware.vscode-spring-boot-1.52.0\language-server\BOOT-INF\lib\caffeine-3.1.8.jar;c:\Users\Ricky Garcia\.vscode\extensions\vmware.vscode-spring-boot-1.52.0\language-server\BOOT-INF\lib\checker-qual-3.12.0.jar;c:\Users\Ricky Garcia\.vscode\extensions\vmware.vscode-spring-boot-1.52.0\language-server\BOOT-INF\lib\classgraph-4.8.149.jar;c:\Users\Ricky Garcia\.vscode\extensions\vmware.vscode-spring-boot-1.52.0\language-server\BOOT-INF\lib\commons-codec-1.16.0.jar;c:\Users\Ricky Garcia\.vscode\extensions\vmware.vscode-spring-boot-1.52.0\language-server\BOOT-INF\lib\commons-compress-1.25.0.jar;c:\Users\Ricky Garcia\.vscode\extensions\vmware.vscode-spring-boot-1.52.0\language-server\BOOT-INF\lib\commons-io-2.4.jar;c:\Users\Ricky Garcia\.vscode\extensions\vmware.vscode-spring-boot-1.52.0\language-server\BOOT-INF\lib\commons-java-1.52.0-SNAPSHOT.jar;c:\Users\Ricky Garcia\.vscode\extensions\vmware.vscode-spring-boot-1.52.0\language-server\BOOT-INF\lib\commons-lang3-3.13.0.jar;c:\Users\Ricky Garcia\.vscode\extensions\vmware.vscode-spring-boot-1.52.0\language-server\BOOT-INF\lib\commons
Launcher Type: SUN_STANDARD

[Global flags]
     intx CICompilerCount                          = 4                                         {product} {ergonomic}
     uint ConcGCThreads                            = 3                                         {product} {ergonomic}
     uint G1ConcRefinementThreads                  = 10                                        {product} {ergonomic}
   size_t G1HeapRegionSize                         = 1048576                                   {product} {ergonomic}
    uintx GCDrainStackTargetSize                   = 64                                        {product} {ergonomic}
     bool HeapDumpOnOutOfMemoryError               = true                                   {manageable} {command line}
   size_t InitialHeapSize                          = 132120576                                 {product} {ergonomic}
   size_t MarkStackSize                            = 4194304                                   {product} {ergonomic}
   size_t MaxHeapSize                              = 1073741824                                {product} {command line}
   size_t MaxNewSize                               = 643825664                                 {product} {ergonomic}
   size_t MinHeapDeltaBytes                        = 1048576                                   {product} {ergonomic}
   size_t MinHeapSize                              = 8388608                                   {product} {ergonomic}
    uintx NonProfiledCodeHeapSize                  = 0                                      {pd product} {ergonomic}
     bool ProfileInterpreter                       = false                                  {pd product} {command line}
    uintx ProfiledCodeHeapSize                     = 0                                      {pd product} {ergonomic}
   size_t SoftMaxHeapSize                          = 1073741824                             {manageable} {ergonomic}
     intx TieredStopAtLevel                        = 1                                         {product} {command line}
     bool UseCompressedClassPointers               = true                           {product lp64_product} {ergonomic}
     bool UseCompressedOops                        = true                           {product lp64_product} {ergonomic}
     bool UseG1GC                                  = true                                      {product} {ergonomic}
     bool UseLargePagesIndividualAllocation        = false                                  {pd product} {ergonomic}

Logging:
Log output configuration:
 #0: stdout all=warning,jni+resolve=off uptime,level,tags
 #1: stderr all=off uptime,level,tags

Environment Variables:
JAVA_HOME=C:\jdk21\
PATH=C:\jdk21\bin;C:\Windows\system32;C:\Windows;C:\Windows\System32\Wbem;C:\Windows\System32\WindowsPowerShell\v1.0\;C:\Windows\System32\OpenSSH\;C:\Program Files (x86)\NVIDIA Corporation\PhysX\Common;C:\Program Files\NVIDIA Corporation\NVIDIA NvDLISR;C:\WINDOWS\system32;C:\WINDOWS;C:\WINDOWS\System32\Wbem;C:\WINDOWS\System32\WindowsPowerShell\v1.0\;C:\WINDOWS\System32\OpenSSH\;C:\Program Files\Microsoft SQL Server\150\Tools\Binn\;C:\Program Files\Microsoft SQL Server\Client SDK\ODBC\170\Tools\Binn\;C:\Program Files\dotnet\;C:\Program Files (x86)\Microsoft SQL Server\160\Tools\Binn\;C:\Program Files\Microsoft SQL Server\160\Tools\Binn\;C:\Program Files\Microsoft SQL Server\160\DTS\Binn\;C:\Program Files (x86)\Microsoft SQL Server\160\DTS\Binn\;C:\Program Files\Azure Data Studio\bin;C:\Program Files\Git\cmd;C:\Program Files\Git\bin;C:\Program Files\nodejs\;C:\Program Files\Docker\Docker\resources\bin;C:\Users\Ricky Garcia\AppData\Local\Microsoft\WindowsApps;C:\Users\Ricky Garcia\.dotnet\tools;C:\Program Files\Azure Data Studio\bin;C:\Users\Ricky Garcia\AppData\Local\Programs\Microsoft VS Code\bin;C:\Program Files\PostgreSQL\16\bin;C:\Users\Ricky Garcia\AppData\Roaming\npm
USERNAME=RickyGarcia
OS=Windows_NT
PROCESSOR_IDENTIFIER=Intel64 Family 6 Model 165 Stepping 2, GenuineIntel
TMP=C:\Users\RICKYG~1\AppData\Local\Temp
TEMP=C:\Users\RICKYG~1\AppData\Local\Temp



Periodic native trim disabled


---------------  S Y S T E M  ---------------

OS:
 Windows 11 , 64 bit Build 22621 (10.0.22621.2506)
OS uptime: 6 days 9:05 hours
Hyper-V role detected

CPU: total 12 (initial active 12) (6 cores per cpu, 2 threads per core) family 6 model 165 stepping 2 microcode 0xf8, cx8, cmov, fxsr, ht, mmx, 3dnowpref, sse, sse2, sse3, ssse3, sse4.1, sse4.2, popcnt, lzcnt, tsc, tscinvbit, avx, avx2, aes, erms, clmul, bmi1, bmi2, adx, fma, vzeroupper, clflush, clflushopt, hv
Processor Information for all 12 processors :
  Max Mhz: 2496, Current Mhz: 2496, Mhz Limit: 2496

Memory: 4k page, system-wide physical 7967M (64M free)
TotalPageFile size 32543M (AvailPageFile size 9M)
current process WorkingSet (physical memory assigned to process): 31M, peak: 239M
current process commit charge ("private bytes"): 298M, peak: 320M

vm_info: OpenJDK 64-Bit Server VM (17.0.10+7) for windows-amd64 JRE (17.0.10+7), built on Jan 16 2024 23:25:11 by "admin" with MS VC++ 16.10 / 16.11 (VS2019)

END.
